<?xml version="1.0" encoding="UTF-8" ?>
<testsuite tests="1" failures="0" name="com.tests.BookItemsFromSameCategoryTest" time="6.693" errors="1" skipped="0">
  <properties>
    <property name="java.runtime.name" value="Java(TM) SE Runtime Environment"/>
    <property name="sun.boot.library.path" value="/usr/lib/jvm/java-8-oracle/jre/lib/amd64"/>
    <property name="java.vm.version" value="25.171-b11"/>
    <property name="java.vm.vendor" value="Oracle Corporation"/>
    <property name="maven.multiModuleProjectDirectory" value="/home/emilianmelian/git/WhereIsWhatAuto"/>
    <property name="java.vendor.url" value="http://java.oracle.com/"/>
    <property name="path.separator" value=":"/>
    <property name="guice.disable.misplaced.annotation.check" value="true"/>
    <property name="java.vm.name" value="Java HotSpot(TM) 64-Bit Server VM"/>
    <property name="file.encoding.pkg" value="sun.io"/>
    <property name="user.country" value="US"/>
    <property name="sun.java.launcher" value="SUN_STANDARD"/>
    <property name="sun.os.patch.level" value="unknown"/>
    <property name="java.vm.specification.name" value="Java Virtual Machine Specification"/>
    <property name="user.dir" value="/home/emilianmelian/git/WhereIsWhatAuto"/>
    <property name="webdriver.driver" value="chrome"/>
    <property name="java.runtime.version" value="1.8.0_171-b11"/>
    <property name="runSuite" value="BookItemsFromSameCategoryTest"/>
    <property name="java.awt.graphicsenv" value="sun.awt.X11GraphicsEnvironment"/>
    <property name="java.endorsed.dirs" value="/usr/lib/jvm/java-8-oracle/jre/lib/endorsed"/>
    <property name="os.arch" value="amd64"/>
    <property name="java.io.tmpdir" value="/tmp"/>
    <property name="line.separator" value="
"/>
    <property name="java.vm.specification.vendor" value="Oracle Corporation"/>
    <property name="os.name" value="Linux"/>
    <property name="classworlds.conf" value="/usr/share/maven/bin/m2.conf"/>
    <property name="sun.jnu.encoding" value="UTF-8"/>
    <property name="java.library.path" value="/usr/java/packages/lib/amd64:/usr/lib64:/lib64:/lib:/usr/lib"/>
    <property name="java.specification.name" value="Java Platform API Specification"/>
    <property name="java.class.version" value="52.0"/>
    <property name="sun.management.compiler" value="HotSpot 64-Bit Tiered Compilers"/>
    <property name="os.version" value="4.10.0-38-generic"/>
    <property name="user.home" value="/home/emilianmelian"/>
    <property name="user.timezone" value="Europe/Bucharest"/>
    <property name="java.awt.printerjob" value="sun.print.PSPrinterJob"/>
    <property name="java.specification.version" value="1.8"/>
    <property name="file.encoding" value="UTF-8"/>
    <property name="user.name" value="emilianmelian"/>
    <property name="java.class.path" value="/usr/share/maven/boot/plexus-classworlds-2.x.jar"/>
    <property name="java.vm.specification.version" value="1.8"/>
    <property name="sun.arch.data.model" value="64"/>
    <property name="java.home" value="/usr/lib/jvm/java-8-oracle/jre"/>
    <property name="sun.java.command" value="org.codehaus.plexus.classworlds.launcher.Launcher -DrunSuite=BookItemsFromSameCategoryTest -DrunEnv=qa-env -Dwebdriver.driver=chrome verify"/>
    <property name="java.specification.vendor" value="Oracle Corporation"/>
    <property name="user.language" value="en"/>
    <property name="awt.toolkit" value="sun.awt.X11.XToolkit"/>
    <property name="java.vm.info" value="mixed mode"/>
    <property name="java.version" value="1.8.0_171"/>
    <property name="java.ext.dirs" value="/usr/lib/jvm/java-8-oracle/jre/lib/ext:/usr/java/packages/lib/ext"/>
    <property name="securerandom.source" value="file:/dev/./urandom"/>
    <property name="sun.boot.class.path" value="/usr/lib/jvm/java-8-oracle/jre/lib/resources.jar:/usr/lib/jvm/java-8-oracle/jre/lib/rt.jar:/usr/lib/jvm/java-8-oracle/jre/lib/sunrsasign.jar:/usr/lib/jvm/java-8-oracle/jre/lib/jsse.jar:/usr/lib/jvm/java-8-oracle/jre/lib/jce.jar:/usr/lib/jvm/java-8-oracle/jre/lib/charsets.jar:/usr/lib/jvm/java-8-oracle/jre/lib/jfr.jar:/usr/lib/jvm/java-8-oracle/jre/classes"/>
    <property name="java.vendor" value="Oracle Corporation"/>
    <property name="maven.home" value="/usr/share/maven"/>
    <property name="runEnv" value="qa-env"/>
    <property name="file.separator" value="/"/>
    <property name="java.vendor.url.bug" value="http://bugreport.sun.com/bugreport/"/>
    <property name="sun.cpu.endian" value="little"/>
    <property name="sun.io.unicode.encoding" value="UnicodeLittle"/>
    <property name="sun.desktop" value="gnome"/>
    <property name="sun.cpu.isalist" value=""/>
  </properties>
  <testcase classname="com.tests.BookItemsFromSameCategoryTest" name="bookItemsFromSameCategoryTest" time="6.693">
    <error type="java.lang.NullPointerException">java.lang.NullPointerException
	at com.steps.frontend.LoginSteps.login(LoginSteps.java:20)
	at com.steps.frontend.flow_steps.LoginFlowSteps.login(LoginFlowSteps.java:17)
	at com.tests.BookItemsFromSameCategoryTest.bookItemsFromSameCategoryTest(BookItemsFromSameCategoryTest.java:48)
</error>
    <system-out>java.lang.NullPointerException: null
</system-out>
    <system-err>[main] INFO net.thucydides.core.util.PropertiesFileLocalPreferences - LOADING LOCAL PROPERTIES FROM /home/emilianmelian/git/WhereIsWhatAuto/serenity.properties 
[main] INFO net.thucydides.core.util.PropertiesFileLocalPreferences - LOADING LOCAL PROPERTIES FROM /home/emilianmelian/git/WhereIsWhatAuto/serenity.properties 
[main] INFO net.thucydides.core.util.PropertiesFileLocalPreferences - webdriver.provided.type=mydriver
[main] INFO net.thucydides.core.util.PropertiesFileLocalPreferences - serenity.logging=VERBOSE
[main] INFO net.thucydides.core.util.PropertiesFileLocalPreferences - thucydides.driver.capabilities=mydriver
[main] INFO net.thucydides.core.util.PropertiesFileLocalPreferences - serenity.test.root=com.features
[main] INFO net.thucydides.core.util.PropertiesFileLocalPreferences - serenity.project.name=Demo Project using Serenity and JUnit
[main] INFO net.thucydides.core.util.PropertiesFileLocalPreferences - webdriver.provided.mydriver=com.tools.customerDrivers.CustomChromeDriver
[main] INFO net.thucydides.core.webdriver.SystemPropertiesConfiguration - project.build.directory : /home/emilianmelian/git/WhereIsWhatAuto/target
[main] INFO net.thucydides.core.webdriver.SystemPropertiesConfiguration - project.reporting.OutputDirectory : null
[main] INFO net.thucydides.core.webdriver.SystemPropertiesConfiguration - OutputDirectory : /home/emilianmelian/git/WhereIsWhatAuto/target/target/site/serenity
[main] INFO net.serenitybdd.core.Serenity - 

-------------------------------------------------------------------------------------
     _______. _______ .______       _______ .__   __.  __  .___________.____    ____ 
    /       ||   ____||   _  \     |   ____||  \ |  | |  | |           |\   \  /   / 
   |   (----`|  |__   |  |_)  |    |  |__   |   \|  | |  | `---|  |----` \   \/   /  
    \   \    |   __|  |      /     |   __|  |  . `  | |  |     |  |       \_    _/   
.----)   |   |  |____ |  |\  \----.|  |____ |  |\   | |  |     |  |         |  |     
|_______/    |_______|| _| `._____||_______||__| \__| |__|     |__|         |__|    
-------------------------------------------------------------------------------------

[main] INFO net.serenitybdd.core.Serenity - PREPARING TO EXECUTE 0 TESTS
[main] INFO net.serenitybdd.core.Serenity - Test Suite Started: Book items from same category test
[main] INFO net.serenitybdd.core.Serenity - 
 _____ _____ ____ _____   ____ _____  _    ____ _____ _____ ____  
|_   _| ____/ ___|_   _| / ___|_   _|/ \  |  _ \_   _| ____|  _ \ 
  | | |  _| \___ \ | |   \___ \ | | / _ \ | |_) || | |  _| | | | |
  | | | |___ ___) || |    ___) || |/ ___ \|  _ &lt; | | | |___| |_| |
  |_| |_____|____/ |_|   |____/ |_/_/   \_\_| \_\|_| |_____|____/ 
                                                                  

TEST STARTED: bookItemsFromSameCategoryTest
-------------------------------------------------------------------
[main] INFO net.serenitybdd.core.Serenity - TEST NUMBER: 1
[main] WARN net.thucydides.core.ThucydidesSystemProperty - Legacy property format detected for thucydides.driver.capabilities, please use the serenity.* format instead.
Starting ChromeDriver 2.40.565383 (76257d1ab79276b2d53ee976b2c3e3b9f335cde7) on port 14751
Only local connections are allowed.
Aug 09, 2018 1:49:23 PM org.openqa.selenium.remote.ProtocolHandshake createSession
INFO: Attempting bi-dialect session, assuming Postel&apos;s Law holds true on the remote end
Aug 09, 2018 1:49:24 PM org.openqa.selenium.remote.ProtocolHandshake createSession
INFO: Detected dialect: OSS
[main] INFO net.serenitybdd.core.Serenity - STARTING STEP Login
[main] INFO net.serenitybdd.core.Serenity - STARTING STEP Click login
[main] INFO net.serenitybdd.core.Serenity - FINISHING STEP
[main] INFO net.serenitybdd.core.Serenity - STARTING STEP Login
[main] INFO net.serenitybdd.core.Serenity - STEP ERROR: java.lang.NullPointerException
[main] INFO net.serenitybdd.core.Serenity - FINISHING STEP
[main] INFO net.serenitybdd.core.Serenity - STARTING STEP Book all items from category
[main] INFO net.serenitybdd.core.Serenity - IGNORING STEP
[main] INFO net.serenitybdd.core.Serenity - STARTING STEP Go to my bookings
[main] INFO net.serenitybdd.core.Serenity - IGNORING STEP
[main] INFO net.serenitybdd.core.Serenity - STARTING STEP Validate booked items
[main] INFO net.serenitybdd.core.Serenity - IGNORING STEP
</system-err>
  </testcase>
</testsuite>